<?xml version="1.0" encoding="UTF-8"?>
<!-- Generated by org.testng.reporters.JUnitReportReporter -->
<testsuite hostname="DESKTOP-KQKHIC5" failures="0" tests="1" name="testcases.HomepageTest" time="21.186" errors="0" timestamp="2024-08-08T16:00:34 IST" skipped="0">
  <testcase classname="testcases.HomepageTest" name="Tc_001" time="21.186"/>
</testsuite> <!-- testcases.HomepageTest -->
