<?xml version="1.0" encoding="UTF-8"?>
<!-- Generated by org.testng.reporters.JUnitReportReporter -->
<testsuite hostname="DESKTOP-KQKHIC5" failures="0" tests="3" name="testcases.Loginpagetest" time="32.638" errors="0" timestamp="2024-08-08T16:00:33 IST" skipped="0">
  <testcase classname="testcases.Loginpagetest" name="Tc_001" time="11.348"/>
  <testcase classname="testcases.Loginpagetest" name="Tc_002" time="13.154"/>
  <testcase classname="testcases.Loginpagetest" name="Tc_003" time="8.136"/>
</testsuite> <!-- testcases.Loginpagetest -->
